<?xml version="1.0" encoding="UTF-8" standalone="yes"?><!DOCTYPE report PUBLIC "-//JACOCO//DTD Report 1.1//EN" "report.dtd"><report name="lab1"><sessioninfo id="rgusyakov-ThinkPad-E14-Gen-4-69ed054a" start="1739986224137" dump="1739986225614"/><sessioninfo id="rgusyakov-ThinkPad-E14-Gen-4-c37c80fe" start="1739986389240" dump="1739986390778"/><sessioninfo id="rgusyakov-ThinkPad-E14-Gen-4-19b8ebf" start="1739986687982" dump="1739986689542"/><sessioninfo id="rgusyakov-ThinkPad-E14-Gen-4-c1837c0e" start="1739986694642" dump="1739986696313"/><sessioninfo id="rgusyakov-ThinkPad-E14-Gen-4-18faaf46" start="1739986747063" dump="1739986748566"/><sessioninfo id="rgusyakov-ThinkPad-E14-Gen-4-e89d679" start="1739986816145" dump="1739986817732"/><sessioninfo id="rgusyakov-ThinkPad-E14-Gen-4-345ff1dd" start="1739986853203" dump="1739986854750"/><sessioninfo id="rgusyakov-ThinkPad-E14-Gen-4-301b8993" start="1739986860846" dump="1739986862506"/><sessioninfo id="rgusyakov-ThinkPad-E14-Gen-4-9b3d07a8" start="1739986897235" dump="1739986900020"/><sessioninfo id="rgusyakov-ThinkPad-E14-Gen-4-97a125e4" start="1739986910608" dump="1739986913392"/><sessioninfo id="rgusyakov-ThinkPad-E14-Gen-4-55796b37" start="1740146869966" dump="1740146873581"/><sessioninfo id="rgusyakov-ThinkPad-E14-Gen-4-6bfdbc26" start="1740146914048" dump="1740146916793"/><sessioninfo id="rgusyakov-ThinkPad-E14-Gen-4-eb30b531" start="1740147098507" dump="1740147101576"/><sessioninfo id="rgusyakov-ThinkPad-E14-Gen-4-7c7cea15" start="1740148443569" dump="1740148446299"/><sessioninfo id="rgusyakov-ThinkPad-E14-Gen-4-736ee491" start="1740148464810" dump="1740148467621"/><sessioninfo id="rgusyakov-ThinkPad-E14-Gen-4-1ed1f8f1" start="1740149666034" dump="1740149668821"/><sessioninfo id="rgusyakov-ThinkPad-E14-Gen-4-a669f1b0" start="1740149674267" dump="1740149677123"/><sessioninfo id="rgusyakov-ThinkPad-E14-Gen-4-b91d87dd" start="1740151759779" dump="1740151762459"/><sessioninfo id="rgusyakov-ThinkPad-E14-Gen-4-c295c4aa" start="1740151798396" dump="1740151801011"/><sessioninfo id="rgusyakov-ThinkPad-E14-Gen-4-c7e9b459" start="1740152019962" dump="1740152022653"/><sessioninfo id="rgusyakov-ThinkPad-E14-Gen-4-da590943" start="1740152044943" dump="1740152047513"/><sessioninfo id="rgusyakov-ThinkPad-E14-Gen-4-5def95ba" start="1740152081817" dump="1740152084554"/><sessioninfo id="rgusyakov-ThinkPad-E14-Gen-4-f1cbdb3a" start="1740152168633" dump="1740152171518"/><sessioninfo id="rgusyakov-ThinkPad-E14-Gen-4-5f978929" start="1740152244464" dump="1740152247253"/><sessioninfo id="rgusyakov-ThinkPad-E14-Gen-4-b57f5c66" start="1740152262027" dump="1740152264701"/><sessioninfo id="rgusyakov-ThinkPad-E14-Gen-4-d11ec8a8" start="1740152283293" dump="1740152285962"/><sessioninfo id="rgusyakov-ThinkPad-E14-Gen-4-c4356eba" start="1740152299092" dump="1740152301679"/><sessioninfo id="rgusyakov-ThinkPad-E14-Gen-4-e89735f6" start="1740152310467" dump="1740152313027"/><sessioninfo id="rgusyakov-ThinkPad-E14-Gen-4-fe1fa391" start="1740152318814" dump="1740152321388"/><sessioninfo id="rgusyakov-ThinkPad-E14-Gen-4-81be6d56" start="1740152611908" dump="1740152614552"/><sessioninfo id="rgusyakov-ThinkPad-E14-Gen-4-8f6a835f" start="1740754817629" dump="1740754818588"/><sessioninfo id="rgusyakov-ThinkPad-E14-Gen-4-6ccf6b17" start="1740755449946" dump="1740755451140"/><sessioninfo id="rgusyakov-ThinkPad-E14-Gen-4-ae703806" start="1740755852478" dump="1740755854997"/><sessioninfo id="rgusyakov-ThinkPad-E14-Gen-4-cd675bf2" start="1740755859764" dump="1740755862061"/><sessioninfo id="rgusyakov-ThinkPad-E14-Gen-4-dd26101a" start="1740822855416" dump="1740822857859"/><sessioninfo id="rgusyakov-ThinkPad-E14-Gen-4-a382d37f" start="1740822995109" dump="1740822995892"/><sessioninfo id="rgusyakov-ThinkPad-E14-Gen-4-d967b755" start="1740823016101" dump="1740823016951"/><sessioninfo id="rgusyakov-ThinkPad-E14-Gen-4-f9d6d94c" start="1740823049151" dump="1740823050018"/><sessioninfo id="rgusyakov-ThinkPad-E14-Gen-4-9186f8c1" start="1740823072774" dump="1740823073695"/><sessioninfo id="rgusyakov-ThinkPad-E14-Gen-4-61b50863" start="1740823094965" dump="1740823095803"/><sessioninfo id="rgusyakov-ThinkPad-E14-Gen-4-3a54181e" start="1742233728879" dump="1742233729811"/><sessioninfo id="rgusyakov-ThinkPad-E14-Gen-4-7ae6a50e" start="1742233887393" dump="1742233888318"/><sessioninfo id="rgusyakov-ThinkPad-E14-Gen-4-7b82ed97" start="1742233913874" dump="1742233914694"/><sessioninfo id="rgusyakov-ThinkPad-E14-Gen-4-a134c61d" start="1742234007527" dump="1742234008380"/><sessioninfo id="rgusyakov-ThinkPad-E14-Gen-4-4fcf328e" start="1742234061356" dump="1742234062184"/><sessioninfo id="rgusyakov-ThinkPad-E14-Gen-4-7dfc9f7e" start="1742234095531" dump="1742234096400"/><sessioninfo id="rgusyakov-ThinkPad-E14-Gen-4-1ca9da84" start="1742234183702" dump="1742234184597"/><sessioninfo id="rgusyakov-ThinkPad-E14-Gen-4-12fed8ca" start="1742234336126" dump="1742234336992"/><sessioninfo id="rgusyakov-ThinkPad-E14-Gen-4-5783e936" start="1742234409745" dump="1742234410676"/><sessioninfo id="rgusyakov-ThinkPad-E14-Gen-4-9503d80" start="1742234484751" dump="1742234485642"/><sessioninfo id="rgusyakov-ThinkPad-E14-Gen-4-b283f34c" start="1742234499165" dump="1742234500002"/><sessioninfo id="rgusyakov-ThinkPad-E14-Gen-4-1bdc8ee3" start="1742234555490" dump="1742234556391"/><sessioninfo id="rgusyakov-ThinkPad-E14-Gen-4-8235defd" start="1742234591136" dump="1742234592033"/><sessioninfo id="rgusyakov-ThinkPad-E14-Gen-4-1228a664" start="1742234790686" dump="1742234791526"/><sessioninfo id="rgusyakov-ThinkPad-E14-Gen-4-d3afe7fd" start="1742234831163" dump="1742234831988"/><sessioninfo id="rgusyakov-ThinkPad-E14-Gen-4-fd0f4821" start="1742234877427" dump="1742234878325"/><sessioninfo id="rgusyakov-ThinkPad-E14-Gen-4-d284712b" start="1742234933630" dump="1742234934524"/><sessioninfo id="rgusyakov-ThinkPad-E14-Gen-4-6bbd9b07" start="1742236072008" dump="1742236072859"/><sessioninfo id="rgusyakov-ThinkPad-E14-Gen-4-aa1c5d6" start="1742236107408" dump="1742236108314"/><sessioninfo id="rgusyakov-ThinkPad-E14-Gen-4-cea56b5f" start="1742242303576" dump="1742242304450"/><sessioninfo id="rgusyakov-ThinkPad-E14-Gen-4-88635f65" start="1742242328371" dump="1742242329221"/><sessioninfo id="rgusyakov-ThinkPad-E14-Gen-4-cd1096de" start="1742242387737" dump="1742242388626"/><sessioninfo id="rgusyakov-ThinkPad-E14-Gen-4-34345218" start="1742242481007" dump="1742242481884"/><sessioninfo id="rgusyakov-ThinkPad-E14-Gen-4-5725096f" start="1742384510037" dump="1742384511352"/><sessioninfo id="rgusyakov-ThinkPad-E14-Gen-4-c45969ee" start="1742384739009" dump="1742384740179"/><sessioninfo id="rgusyakov-ThinkPad-E14-Gen-4-60cc83fe" start="1742385325142" dump="1742385326434"/><sessioninfo id="rgusyakov-ThinkPad-E14-Gen-4-291debb5" start="1742385367018" dump="1742385368208"/><sessioninfo id="rgusyakov-ThinkPad-E14-Gen-4-4a2d4381" start="1742400718756" dump="1742400719973"/><sessioninfo id="rgusyakov-ThinkPad-E14-Gen-4-5342dd16" start="1742400870808" dump="1742400872047"/><sessioninfo id="rgusyakov-ThinkPad-E14-Gen-4-dfce6948" start="1742400891169" dump="1742400892471"/><sessioninfo id="rgusyakov-ThinkPad-E14-Gen-4-fb2dc1c8" start="1742400966772" dump="1742400968140"/><sessioninfo id="rgusyakov-ThinkPad-E14-Gen-4-f8a1e375" start="1742400986985" dump="1742400988385"/><sessioninfo id="rgusyakov-ThinkPad-E14-Gen-4-1c94852b" start="1742401855475" dump="1742401856787"/><sessioninfo id="rgusyakov-ThinkPad-E14-Gen-4-a9b3fe4d" start="1742403719782" dump="1742403720754"/><sessioninfo id="rgusyakov-ThinkPad-E14-Gen-4-18accb34" start="1742403772496" dump="1742403773521"/><sessioninfo id="rgusyakov-ThinkPad-E14-Gen-4-378cb285" start="1742404487187" dump="1742404489748"/><sessioninfo id="rgusyakov-ThinkPad-E14-Gen-4-32561c0e" start="1742404584679" dump="1742404586445"/><sessioninfo id="rgusyakov-ThinkPad-E14-Gen-4-b4769733" start="1742406451795" dump="1742406453378"/><sessioninfo id="rgusyakov-ThinkPad-E14-Gen-4-6aed0d96" start="1742406599309" dump="1742406601813"/><sessioninfo id="rgusyakov-ThinkPad-E14-Gen-4-9ad2f499" start="1742406884361" dump="1742406886065"/><sessioninfo id="rgusyakov-ThinkPad-E14-Gen-4-d91809bc" start="1742407854712" dump="1742407856732"/><sessioninfo id="rgusyakov-ThinkPad-E14-Gen-4-daa0c7f9" start="1742408007682" dump="1742408010839"/><sessioninfo id="rgusyakov-ThinkPad-E14-Gen-4-f0b89607" start="1742408134574" dump="1742408136761"/><sessioninfo id="rgusyakov-ThinkPad-E14-Gen-4-10dc8b4d" start="1742408718788" dump="1742408721064"/><sessioninfo id="rgusyakov-ThinkPad-E14-Gen-4-64706d7c" start="1742409139954" dump="1742409143298"/><sessioninfo id="rgusyakov-ThinkPad-E14-Gen-4-11b0207f" start="1742409187060" dump="1742409189420"/><sessioninfo id="rgusyakov-ThinkPad-E14-Gen-4-cc00ed57" start="1742409225628" dump="1742409227972"/><sessioninfo id="rgusyakov-ThinkPad-E14-Gen-4-c0c9a13a" start="1742409783227" dump="1742409785628"/><sessioninfo id="rgusyakov-ThinkPad-E14-Gen-4-67c8b250" start="1742409953533" dump="1742409956881"/><sessioninfo id="rgusyakov-ThinkPad-E14-Gen-4-83e1aa93" start="1742409968599" dump="1742409971116"/><sessioninfo id="rgusyakov-ThinkPad-E14-Gen-4-d4e171fa" start="1742411143792" dump="1742411147214"/><sessioninfo id="rgusyakov-ThinkPad-E14-Gen-4-40a9c5c" start="1742411193924" dump="1742411196289"/><sessioninfo id="rgusyakov-ThinkPad-E14-Gen-4-f6b3422a" start="1742411200824" dump="1742411203423"/><sessioninfo id="rgusyakov-ThinkPad-E14-Gen-4-914eaa34" start="1742411214261" dump="1742411216959"/><sessioninfo id="rgusyakov-ThinkPad-E14-Gen-4-6a9db078" start="1742411334899" dump="1742411337235"/><sessioninfo id="rgusyakov-ThinkPad-E14-Gen-4-6a846300" start="1742411401745" dump="1742411404211"/><sessioninfo id="rgusyakov-ThinkPad-E14-Gen-4-afea4222" start="1742415548710" dump="1742415551655"/><sessioninfo id="rgusyakov-ThinkPad-E14-Gen-4-8419b8d6" start="1742415593893" dump="1742415596876"/><sessioninfo id="rgusyakov-ThinkPad-E14-Gen-4-f26b3be4" start="1742415622710" dump="1742415624194"/><sessioninfo id="rgusyakov-ThinkPad-E14-Gen-4-3f422618" start="1742415631774" dump="1742415633250"/><sessioninfo id="rgusyakov-ThinkPad-E14-Gen-4-a24c9f5b" start="1742415710355" dump="1742415712099"/><sessioninfo id="rgusyakov-ThinkPad-E14-Gen-4-88b25a76" start="1742415729598" dump="1742415731459"/><sessioninfo id="rgusyakov-ThinkPad-E14-Gen-4-338ef536" start="1742415836909" dump="1742415847148"/><sessioninfo id="rgusyakov-ThinkPad-E14-Gen-4-a740d512" start="1742415851549" dump="1742415854553"/><sessioninfo id="rgusyakov-ThinkPad-E14-Gen-4-ee484e09" start="1742415883072" dump="1742415885680"/><sessioninfo id="rgusyakov-ThinkPad-E14-Gen-4-89bda937" start="1742415905649" dump="1742415908811"/><sessioninfo id="rgusyakov-ThinkPad-E14-Gen-4-e20ea922" start="1742415938108" dump="1742415939762"/><sessioninfo id="rgusyakov-ThinkPad-E14-Gen-4-3e160c40" start="1742415998460" dump="1742416014773"/><sessioninfo id="rgusyakov-ThinkPad-E14-Gen-4-6ead0c5" start="1742416035082" dump="1742416039487"/><sessioninfo id="rgusyakov-ThinkPad-E14-Gen-4-6b8150e" start="1742416063868" dump="1742416066700"/><sessioninfo id="rgusyakov-ThinkPad-E14-Gen-4-a7b2dfe6" start="1742416123380" dump="1742416125408"/><sessioninfo id="rgusyakov-ThinkPad-E14-Gen-4-6ae24a5d" start="1742416159121" dump="1742416161172"/><sessioninfo id="rgusyakov-ThinkPad-E14-Gen-4-d9bd855d" start="1742416220873" dump="1742416222907"/><sessioninfo id="rgusyakov-ThinkPad-E14-Gen-4-44dade6d" start="1742416309971" dump="1742416311841"/><sessioninfo id="rgusyakov-ThinkPad-E14-Gen-4-796eb6f5" start="1742416645975" dump="1742416647491"/><sessioninfo id="rgusyakov-ThinkPad-E14-Gen-4-c22eb15f" start="1742416702656" dump="1742416704380"/><sessioninfo id="rgusyakov-ThinkPad-E14-Gen-4-c33dbcab" start="1742468531881" dump="1742468539434"/><sessioninfo id="rgusyakov-ThinkPad-E14-Gen-4-2ec3792f" start="1742468558061" dump="1742468559878"/><sessioninfo id="rgusyakov-ThinkPad-E14-Gen-4-2b92d6ad" start="1742468596004" dump="1742468597318"/><sessioninfo id="rgusyakov-ThinkPad-E14-Gen-4-9aace6b3" start="1742468600588" dump="1742468601825"/><sessioninfo id="rgusyakov-ThinkPad-E14-Gen-4-bf42d98b" start="1742468607413" dump="1742468608138"/><sessioninfo id="rgusyakov-ThinkPad-E14-Gen-4-adff9bf7" start="1742468714046" dump="1742468715235"/><sessioninfo id="rgusyakov-ThinkPad-E14-Gen-4-290ef93" start="1742468746257" dump="1742468747282"/><sessioninfo id="rgusyakov-ThinkPad-E14-Gen-4-e5eee5cf" start="1742468880246" dump="1742468886146"/><sessioninfo id="rgusyakov-ThinkPad-E14-Gen-4-1e7450d4" start="1742468891245" dump="1742468892300"/><sessioninfo id="rgusyakov-ThinkPad-E14-Gen-4-df346928" start="1742469116365" dump="1742469119137"/><sessioninfo id="rgusyakov-ThinkPad-E14-Gen-4-c4fb2b75" start="1742469335008" dump="1742469335694"/><sessioninfo id="rgusyakov-ThinkPad-E14-Gen-4-61eecc5c" start="1742469371489" dump="1742469373854"/><sessioninfo id="rgusyakov-ThinkPad-E14-Gen-4-accec480" start="1742470106330" dump="1742470109035"/><sessioninfo id="rgusyakov-ThinkPad-E14-Gen-4-1923a453" start="1742470141831" dump="1742470144399"/><sessioninfo id="rgusyakov-ThinkPad-E14-Gen-4-7718d6c6" start="1742470245561" dump="1742470247949"/><sessioninfo id="rgusyakov-ThinkPad-E14-Gen-4-ddd3ba20" start="1742470320427" dump="1742470323242"/><sessioninfo id="rgusyakov-ThinkPad-E14-Gen-4-e03982a5" start="1742470348834" dump="1742470351736"/><sessioninfo id="rgusyakov-ThinkPad-E14-Gen-4-4ffef429" start="1742470377799" dump="1742470380228"/><sessioninfo id="rgusyakov-ThinkPad-E14-Gen-4-1f3a1412" start="1742470610452" dump="1742470613172"/><sessioninfo id="rgusyakov-ThinkPad-E14-Gen-4-41a7e221" start="1742470782757" dump="1742470785378"/><sessioninfo id="rgusyakov-ThinkPad-E14-Gen-4-db1b9ae1" start="1742470798336" dump="1742470800927"/><sessioninfo id="rgusyakov-ThinkPad-E14-Gen-4-4ac9b3a7" start="1742470836804" dump="1742470839672"/><sessioninfo id="rgusyakov-ThinkPad-E14-Gen-4-3f659fd7" start="1742471533979" dump="1742471537035"/><sessioninfo id="rgusyakov-ThinkPad-E14-Gen-4-9e443889" start="1742471547748" dump="1742471550417"/><sessioninfo id="rgusyakov-ThinkPad-E14-Gen-4-f1bd8ce3" start="1742496346294" dump="1742496356564"/><sessioninfo id="rgusyakov-ThinkPad-E14-Gen-4-d02b2ec0" start="1742496361357" dump="1742496365632"/><sessioninfo id="rgusyakov-ThinkPad-E14-Gen-4-a39633da" start="1742496805372" dump="1742496808901"/><sessioninfo id="rgusyakov-ThinkPad-E14-Gen-4-7f54f75c" start="1742496964343" dump="1742496967813"/><sessioninfo id="rgusyakov-ThinkPad-E14-Gen-4-ff302346" start="1742497095776" dump="1742497099403"/><sessioninfo id="rgusyakov-ThinkPad-E14-Gen-4-fb661885" start="1742497386738" dump="1742497390141"/><sessioninfo id="rgusyakov-ThinkPad-E14-Gen-4-a93f9e79" start="1742497433165" dump="1742497436769"/><sessioninfo id="rgusyakov-ThinkPad-E14-Gen-4-2ad61058" start="1742497673243" dump="1742497676943"/><sessioninfo id="rgusyakov-ThinkPad-E14-Gen-4-5cee878a" start="1742498320359" dump="1742498323607"/><sessioninfo id="rgusyakov-ThinkPad-E14-Gen-4-47f7aaed" start="1742498496857" dump="1742498531680"/><sessioninfo id="rgusyakov-ThinkPad-E14-Gen-4-49044aa2" start="1742498535599" dump="1742498625152"/><sessioninfo id="rgusyakov-ThinkPad-E14-Gen-4-1f5dd34" start="1742498634091" dump="1742498642776"/><sessioninfo id="rgusyakov-ThinkPad-E14-Gen-4-e185b48a" start="1742498673808" dump="1742498678227"/><sessioninfo id="rgusyakov-ThinkPad-E14-Gen-4-b41d9b54" start="1742498690747" dump="1742498695347"/><sessioninfo id="rgusyakov-ThinkPad-E14-Gen-4-4f48d9c0" start="1742498785712" dump="1742498790147"/><package name="my/beloved/subject"><class name="my/beloved/subject/Server" sourcefilename="Server.java"><method name="&lt;init&gt;" desc="()V" line="11"><counter type="INSTRUCTION" missed="3" covered="0"/><counter type="LINE" missed="1" covered="0"/><counter type="COMPLEXITY" missed="1" covered="0"/><counter type="METHOD" missed="1" covered="0"/></method><method name="main" desc="([Ljava/lang/String;)V" line="13"><counter type="INSTRUCTION" missed="24" covered="0"/><counter type="LINE" missed="7" covered="0"/><counter type="COMPLEXITY" missed="1" covered="0"/><counter type="METHOD" missed="1" covered="0"/></method><counter type="INSTRUCTION" missed="27" covered="0"/><counter type="LINE" missed="8" covered="0"/><counter type="COMPLEXITY" missed="2" covered="0"/><counter type="METHOD" missed="2" covered="0"/><counter type="CLASS" missed="1" covered="0"/></class><class name="my/beloved/subject/Client$1" sourcefilename="Client.java"><method name="&lt;init&gt;" desc="()V" line="14"><counter type="INSTRUCTION" missed="3" covered="0"/><counter type="LINE" missed="1" covered="0"/><counter type="COMPLEXITY" missed="1" covered="0"/><counter type="METHOD" missed="1" covered="0"/></method><method name="onConnect" desc="()V" line="17"><counter type="INSTRUCTION" missed="4" covered="0"/><counter type="LINE" missed="2" covered="0"/><counter type="COMPLEXITY" missed="1" covered="0"/><counter type="METHOD" missed="1" covered="0"/></method><method name="onDisconnect" desc="()V" line="22"><counter type="INSTRUCTION" missed="4" covered="0"/><counter type="LINE" missed="2" covered="0"/><counter type="COMPLEXITY" missed="1" covered="0"/><counter type="METHOD" missed="1" covered="0"/></method><method name="onMessage" desc="(I)V" line="27"><counter type="INSTRUCTION" missed="5" covered="0"/><counter type="LINE" missed="2" covered="0"/><counter type="COMPLEXITY" missed="1" covered="0"/><counter type="METHOD" missed="1" covered="0"/></method><counter type="INSTRUCTION" missed="16" covered="0"/><counter type="LINE" missed="7" covered="0"/><counter type="COMPLEXITY" missed="4" covered="0"/><counter type="METHOD" missed="4" covered="0"/><counter type="CLASS" missed="1" covered="0"/></class><class name="my/beloved/subject/Client" sourcefilename="Client.java"><method name="&lt;init&gt;" desc="()V" line="10"><counter type="INSTRUCTION" missed="3" covered="0"/><counter type="LINE" missed="1" covered="0"/><counter type="COMPLEXITY" missed="1" covered="0"/><counter type="METHOD" missed="1" covered="0"/></method><method name="main" desc="([Ljava/lang/String;)V" line="12"><counter type="INSTRUCTION" missed="32" covered="0"/><counter type="LINE" missed="9" covered="0"/><counter type="COMPLEXITY" missed="1" covered="0"/><counter type="METHOD" missed="1" covered="0"/></method><method name="lambda$0" desc="(Lmy/beloved/subject/broker/MessageBrokerClient;)V" line="32"><counter type="INSTRUCTION" missed="24" covered="0"/><counter type="BRANCH" missed="4" covered="0"/><counter type="LINE" missed="8" covered="0"/><counter type="COMPLEXITY" missed="3" covered="0"/><counter type="METHOD" missed="1" covered="0"/></method><counter type="INSTRUCTION" missed="59" covered="0"/><counter type="BRANCH" missed="4" covered="0"/><counter type="LINE" missed="18" covered="0"/><counter type="COMPLEXITY" missed="5" covered="0"/><counter type="METHOD" missed="3" covered="0"/><counter type="CLASS" missed="1" covered="0"/></class><sourcefile name="Client.java"><line nr="10" mi="3" ci="0" mb="0" cb="0"/><line nr="12" mi="4" ci="0" mb="0" cb="0"/><line nr="14" mi="8" ci="0" mb="0" cb="0"/><line nr="17" mi="3" ci="0" mb="0" cb="0"/><line nr="18" mi="1" ci="0" mb="0" cb="0"/><line nr="22" mi="3" ci="0" mb="0" cb="0"/><line nr="23" mi="1" ci="0" mb="0" cb="0"/><line nr="27" mi="4" ci="0" mb="0" cb="0"/><line nr="28" mi="1" ci="0" mb="0" cb="0"/><line nr="31" mi="6" ci="0" mb="0" cb="0"/><line nr="32" mi="3" ci="0" mb="2" cb="0"/><line nr="35" mi="4" ci="0" mb="2" cb="0"/><line nr="37" mi="2" ci="0" mb="0" cb="0"/><line nr="38" mi="5" ci="0" mb="0" cb="0"/><line nr="39" mi="3" ci="0" mb="0" cb="0"/><line nr="40" mi="4" ci="0" mb="0" cb="0"/><line nr="41" mi="2" ci="0" mb="0" cb="0"/><line nr="45" mi="1" ci="0" mb="0" cb="0"/><line nr="47" mi="2" ci="0" mb="0" cb="0"/><line nr="49" mi="5" ci="0" mb="0" cb="0"/><line nr="50" mi="3" ci="0" mb="0" cb="0"/><line nr="51" mi="4" ci="0" mb="0" cb="0"/><line nr="53" mi="2" ci="0" mb="0" cb="0"/><line nr="54" mi="1" ci="0" mb="0" cb="0"/><counter type="INSTRUCTION" missed="75" covered="0"/><counter type="BRANCH" missed="4" covered="0"/><counter type="LINE" missed="24" covered="0"/><counter type="COMPLEXITY" missed="9" covered="0"/><counter type="METHOD" missed="7" covered="0"/><counter type="CLASS" missed="2" covered="0"/></sourcefile><sourcefile name="Server.java"><line nr="11" mi="3" ci="0" mb="0" cb="0"/><line nr="13" mi="4" ci="0" mb="0" cb="0"/><line nr="14" mi="4" ci="0" mb="0" cb="0"/><line nr="16" mi="5" ci="0" mb="0" cb="0"/><line nr="17" mi="3" ci="0" mb="0" cb="0"/><line nr="18" mi="3" ci="0" mb="0" cb="0"/><line nr="19" mi="4" ci="0" mb="0" cb="0"/><line nr="21" mi="1" ci="0" mb="0" cb="0"/><counter type="INSTRUCTION" missed="27" covered="0"/><counter type="LINE" missed="8" covered="0"/><counter type="COMPLEXITY" missed="2" covered="0"/><counter type="METHOD" missed="2" covered="0"/><counter type="CLASS" missed="1" covered="0"/></sourcefile><counter type="INSTRUCTION" missed="102" covered="0"/><counter type="BRANCH" missed="4" covered="0"/><counter type="LINE" missed="32" covered="0"/><counter type="COMPLEXITY" missed="11" covered="0"/><counter type="METHOD" missed="9" covered="0"/><counter type="CLASS" missed="3" covered="0"/></package><package name="my/beloved/subject/broker"><class name="my/beloved/subject/broker/MessageBrokerClient$Listeners" sourcefilename="MessageBrokerClient.java"/><class name="my/beloved/subject/broker/MessageBrokerServer" sourcefilename="MessageBrokerServer.java"><method name="&lt;init&gt;" desc="()V" line="17"><counter type="INSTRUCTION" missed="0" covered="20"/><counter type="LINE" missed="0" covered="5"/><counter type="COMPLEXITY" missed="0" covered="1"/><counter type="METHOD" missed="0" covered="1"/></method><method name="bind" desc="(Ljava/net/SocketAddress;Ljava/net/ProtocolFamily;)V" line="25"><counter type="INSTRUCTION" missed="0" covered="72"/><counter type="BRANCH" missed="0" covered="8"/><counter type="LINE" missed="0" covered="18"/><counter type="COMPLEXITY" missed="0" covered="5"/><counter type="METHOD" missed="0" covered="1"/></method><method name="handleAccept" desc="(Ljava/nio/channels/SelectionKey;)V" line="52"><counter type="INSTRUCTION" missed="0" covered="29"/><counter type="LINE" missed="0" covered="6"/><counter type="COMPLEXITY" missed="0" covered="1"/><counter type="METHOD" missed="0" covered="1"/></method><method name="handleRead" desc="(Ljava/nio/channels/SelectionKey;)V" line="60"><counter type="INSTRUCTION" missed="0" covered="126"/><counter type="BRANCH" missed="0" covered="12"/><counter type="LINE" missed="0" covered="27"/><counter type="COMPLEXITY" missed="0" covered="7"/><counter type="METHOD" missed="0" covered="1"/></method><method name="channelsEqual" desc="(Ljava/nio/channels/SocketChannel;Ljava/nio/channels/SocketChannel;)Z" line="96"><counter type="INSTRUCTION" missed="0" covered="14"/><counter type="BRANCH" missed="1" covered="3"/><counter type="LINE" missed="0" covered="1"/><counter type="COMPLEXITY" missed="1" covered="2"/><counter type="METHOD" missed="0" covered="1"/></method><method name="stop" desc="()V" line="100"><counter type="INSTRUCTION" missed="0" covered="31"/><counter type="BRANCH" missed="0" covered="6"/><counter type="LINE" missed="0" covered="8"/><counter type="COMPLEXITY" missed="0" covered="4"/><counter type="METHOD" missed="0" covered="1"/></method><method name="close" desc="()V" line="113"><counter type="INSTRUCTION" missed="0" covered="3"/><counter type="LINE" missed="0" covered="2"/><counter type="COMPLEXITY" missed="0" covered="1"/><counter type="METHOD" missed="0" covered="1"/></method><counter type="INSTRUCTION" missed="0" covered="295"/><counter type="BRANCH" missed="1" covered="29"/><counter type="LINE" missed="0" covered="67"/><counter type="COMPLEXITY" missed="1" covered="21"/><counter type="METHOD" missed="0" covered="7"/><counter type="CLASS" missed="0" covered="1"/></class><class name="my/beloved/subject/broker/MessageBrokerClient" sourcefilename="MessageBrokerClient.java"><method name="&lt;clinit&gt;" desc="()V" line="10"><counter type="INSTRUCTION" missed="2" covered="6"/><counter type="BRANCH" missed="1" covered="1"/><counter type="LINE" missed="0" covered="1"/><counter type="COMPLEXITY" missed="1" covered="1"/><counter type="METHOD" missed="0" covered="1"/></method><method name="&lt;init&gt;" desc="()V" line="11"><counter type="INSTRUCTION" missed="0" covered="12"/><counter type="LINE" missed="0" covered="4"/><counter type="COMPLEXITY" missed="0" covered="1"/><counter type="METHOD" missed="0" covered="1"/></method><method name="connect" desc="(Ljava/net/SocketAddress;Ljava/net/ProtocolFamily;)V" line="18"><counter type="INSTRUCTION" missed="0" covered="47"/><counter type="BRANCH" missed="0" covered="4"/><counter type="LINE" missed="0" covered="15"/><counter type="COMPLEXITY" missed="0" covered="3"/><counter type="METHOD" missed="0" covered="1"/></method><method name="setListeners" desc="(Lmy/beloved/subject/broker/MessageBrokerClient$Listeners;)V" line="38"><counter type="INSTRUCTION" missed="0" covered="4"/><counter type="LINE" missed="0" covered="2"/><counter type="COMPLEXITY" missed="0" covered="1"/><counter type="METHOD" missed="0" covered="1"/></method><method name="send" desc="(I)V" line="42"><counter type="INSTRUCTION" missed="4" covered="19"/><counter type="BRANCH" missed="2" covered="2"/><counter type="LINE" missed="0" covered="5"/><counter type="COMPLEXITY" missed="2" covered="1"/><counter type="METHOD" missed="0" covered="1"/></method><method name="disconnect" desc="()V" line="49"><counter type="INSTRUCTION" missed="0" covered="10"/><counter type="BRANCH" missed="1" covered="1"/><counter type="LINE" missed="0" covered="4"/><counter type="COMPLEXITY" missed="1" covered="1"/><counter type="METHOD" missed="0" covered="1"/></method><method name="close" desc="()V" line="56"><counter type="INSTRUCTION" missed="3" covered="0"/><counter type="LINE" missed="2" covered="0"/><counter type="COMPLEXITY" missed="1" covered="0"/><counter type="METHOD" missed="1" covered="0"/></method><method name="isConnected" desc="()Z" line="60"><counter type="INSTRUCTION" missed="0" covered="3"/><counter type="LINE" missed="0" covered="1"/><counter type="COMPLEXITY" missed="0" covered="1"/><counter type="METHOD" missed="0" covered="1"/></method><counter type="INSTRUCTION" missed="9" covered="101"/><counter type="BRANCH" missed="4" covered="8"/><counter type="LINE" missed="2" covered="32"/><counter type="COMPLEXITY" missed="5" covered="9"/><counter type="METHOD" missed="1" covered="7"/><counter type="CLASS" missed="0" covered="1"/></class><class name="my/beloved/subject/broker/MessageBrokerClient$SimpleListeners" sourcefilename="MessageBrokerClient.java"><method name="&lt;init&gt;" desc="()V" line="74"><counter type="INSTRUCTION" missed="0" covered="3"/><counter type="LINE" missed="0" covered="1"/><counter type="COMPLEXITY" missed="0" covered="1"/><counter type="METHOD" missed="0" covered="1"/></method><method name="whenConnected" desc="(Ljava/lang/Runnable;)Lmy/beloved/subject/broker/MessageBrokerClient$SimpleListeners;" line="77"><counter type="INSTRUCTION" missed="5" covered="0"/><counter type="LINE" missed="2" covered="0"/><counter type="COMPLEXITY" missed="1" covered="0"/><counter type="METHOD" missed="1" covered="0"/></method><method name="whenDisconnected" desc="(Ljava/lang/Runnable;)Lmy/beloved/subject/broker/MessageBrokerClient$SimpleListeners;" line="82"><counter type="INSTRUCTION" missed="5" covered="0"/><counter type="LINE" missed="2" covered="0"/><counter type="COMPLEXITY" missed="1" covered="0"/><counter type="METHOD" missed="1" covered="0"/></method><method name="whenMessaged" desc="(Ljava/util/function/Consumer;)Lmy/beloved/subject/broker/MessageBrokerClient$SimpleListeners;" line="87"><counter type="INSTRUCTION" missed="0" covered="5"/><counter type="LINE" missed="0" covered="2"/><counter type="COMPLEXITY" missed="0" covered="1"/><counter type="METHOD" missed="0" covered="1"/></method><method name="onConnect" desc="()V" line="92"><counter type="INSTRUCTION" missed="3" covered="4"/><counter type="BRANCH" missed="1" covered="1"/><counter type="LINE" missed="1" covered="2"/><counter type="COMPLEXITY" missed="1" covered="1"/><counter type="METHOD" missed="0" covered="1"/></method><method name="onDisconnect" desc="()V" line="98"><counter type="INSTRUCTION" missed="3" covered="4"/><counter type="BRANCH" missed="1" covered="1"/><counter type="LINE" missed="1" covered="2"/><counter type="COMPLEXITY" missed="1" covered="1"/><counter type="METHOD" missed="0" covered="1"/></method><method name="onMessage" desc="(I)V" line="104"><counter type="INSTRUCTION" missed="0" covered="9"/><counter type="BRANCH" missed="1" covered="1"/><counter type="LINE" missed="0" covered="3"/><counter type="COMPLEXITY" missed="1" covered="1"/><counter type="METHOD" missed="0" covered="1"/></method><counter type="INSTRUCTION" missed="16" covered="25"/><counter type="BRANCH" missed="3" covered="3"/><counter type="LINE" missed="6" covered="10"/><counter type="COMPLEXITY" missed="5" covered="5"/><counter type="METHOD" missed="2" covered="5"/><counter type="CLASS" missed="0" covered="1"/></class><sourcefile name="MessageBrokerServer.java"><line nr="17" mi="0" ci="3" mb="0" cb="0"/><line nr="18" mi="0" ci="3" mb="0" cb="0"/><line nr="19" mi="0" ci="5" mb="0" cb="0"/><line nr="20" mi="0" ci="6" mb="0" cb="0"/><line nr="22" mi="0" ci="3" mb="0" cb="0"/><line nr="25" mi="0" ci="4" mb="0" cb="0"/><line nr="26" mi="0" ci="5" mb="0" cb="0"/><line nr="27" mi="0" ci="5" mb="0" cb="0"/><line nr="28" mi="0" ci="5" mb="0" cb="0"/><line nr="31" mi="0" ci="3" mb="0" cb="0"/><line nr="32" mi="0" ci="4" mb="0" cb="0"/><line nr="33" mi="0" ci="8" mb="0" cb="0"/><line nr="35" mi="0" ci="5" mb="0" cb="2"/><line nr="36" mi="0" ci="4" mb="0" cb="0"/><line nr="37" mi="0" ci="5" mb="0" cb="0"/><line nr="39" mi="0" ci="4" mb="0" cb="2"/><line nr="40" mi="0" ci="4" mb="0" cb="0"/><line nr="41" mi="0" ci="3" mb="0" cb="2"/><line nr="42" mi="0" ci="3" mb="0" cb="0"/><line nr="43" mi="0" ci="4" mb="0" cb="2"/><line nr="44" mi="0" ci="3" mb="0" cb="0"/><line nr="46" mi="0" ci="2" mb="0" cb="0"/><line nr="49" mi="0" ci="1" mb="0" cb="0"/><line nr="52" mi="0" ci="4" mb="0" cb="0"/><line nr="53" mi="0" ci="4" mb="0" cb="0"/><line nr="54" mi="0" ci="6" mb="0" cb="0"/><line nr="55" mi="0" ci="5" mb="0" cb="0"/><line nr="56" mi="0" ci="9" mb="0" cb="0"/><line nr="57" mi="0" ci="1" mb="0" cb="0"/><line nr="60" mi="0" ci="4" mb="0" cb="0"/><line nr="61" mi="0" ci="3" mb="0" cb="0"/><line nr="62" mi="0" ci="4" mb="0" cb="0"/><line nr="63" mi="0" ci="7" mb="0" cb="2"/><line nr="64" mi="0" ci="2" mb="0" cb="2"/><line nr="65" mi="0" ci="6" mb="0" cb="0"/><line nr="66" mi="0" ci="6" mb="0" cb="0"/><line nr="67" mi="0" ci="2" mb="0" cb="0"/><line nr="68" mi="0" ci="1" mb="0" cb="0"/><line nr="70" mi="0" ci="3" mb="0" cb="0"/><line nr="71" mi="0" ci="3" mb="0" cb="0"/><line nr="72" mi="0" ci="10" mb="0" cb="0"/><line nr="74" mi="0" ci="4" mb="0" cb="0"/><line nr="75" mi="0" ci="9" mb="0" cb="2"/><line nr="76" mi="0" ci="6" mb="0" cb="0"/><line nr="77" mi="0" ci="3" mb="0" cb="2"/><line nr="78" mi="0" ci="5" mb="0" cb="0"/><line nr="79" mi="0" ci="1" mb="0" cb="0"/><line nr="81" mi="0" ci="4" mb="0" cb="2"/><line nr="82" mi="0" ci="10" mb="0" cb="0"/><line nr="83" mi="0" ci="5" mb="0" cb="0"/><line nr="84" mi="0" ci="3" mb="0" cb="0"/><line nr="85" mi="0" ci="4" mb="0" cb="0"/><line nr="89" mi="0" ci="3" mb="0" cb="0"/><line nr="90" mi="0" ci="11" mb="0" cb="2"/><line nr="91" mi="0" ci="6" mb="0" cb="0"/><line nr="93" mi="0" ci="1" mb="0" cb="0"/><line nr="96" mi="0" ci="14" mb="1" cb="3"/><line nr="100" mi="0" ci="4" mb="0" cb="0"/><line nr="101" mi="0" ci="3" mb="0" cb="2"/><line nr="102" mi="0" ci="3" mb="0" cb="0"/><line nr="104" mi="0" ci="3" mb="0" cb="2"/><line nr="105" mi="0" ci="3" mb="0" cb="0"/><line nr="107" mi="0" ci="12" mb="0" cb="2"/><line nr="108" mi="0" ci="2" mb="0" cb="0"/><line nr="110" mi="0" ci="1" mb="0" cb="0"/><line nr="113" mi="0" ci="2" mb="0" cb="0"/><line nr="114" mi="0" ci="1" mb="0" cb="0"/><counter type="INSTRUCTION" missed="0" covered="295"/><counter type="BRANCH" missed="1" covered="29"/><counter type="LINE" missed="0" covered="67"/><counter type="COMPLEXITY" missed="1" covered="21"/><counter type="METHOD" missed="0" covered="7"/><counter type="CLASS" missed="0" covered="1"/></sourcefile><sourcefile name="MessageBrokerClient.java"><line nr="10" mi="2" ci="6" mb="1" cb="1"/><line nr="11" mi="0" ci="3" mb="0" cb="0"/><line nr="12" mi="0" ci="3" mb="0" cb="0"/><line nr="13" mi="0" ci="3" mb="0" cb="0"/><line nr="15" mi="0" ci="3" mb="0" cb="0"/><line nr="18" mi="0" ci="4" mb="0" cb="0"/><line nr="19" mi="0" ci="5" mb="0" cb="0"/><line nr="20" mi="0" ci="3" mb="0" cb="0"/><line nr="21" mi="0" ci="3" mb="0" cb="0"/><line nr="23" mi="0" ci="4" mb="0" cb="2"/><line nr="24" mi="0" ci="3" mb="0" cb="0"/><line nr="25" mi="0" ci="5" mb="0" cb="0"/><line nr="26" mi="0" ci="3" mb="0" cb="0"/><line nr="27" mi="0" ci="2" mb="0" cb="2"/><line nr="28" mi="0" ci="3" mb="0" cb="0"/><line nr="29" mi="0" ci="4" mb="0" cb="0"/><line nr="30" mi="0" ci="1" mb="0" cb="0"/><line nr="31" mi="0" ci="3" mb="0" cb="0"/><line nr="32" mi="0" ci="3" mb="0" cb="0"/><line nr="35" mi="0" ci="1" mb="0" cb="0"/><line nr="38" mi="0" ci="3" mb="0" cb="0"/><line nr="39" mi="0" ci="1" mb="0" cb="0"/><line nr="42" mi="0" ci="5" mb="0" cb="0"/><line nr="43" mi="0" ci="3" mb="0" cb="0"/><line nr="44" mi="0" ci="5" mb="0" cb="0"/><line nr="45" mi="4" ci="5" mb="2" cb="2"/><line nr="46" mi="0" ci="1" mb="0" cb="0"/><line nr="49" mi="0" ci="3" mb="0" cb="0"/><line nr="50" mi="0" ci="3" mb="1" cb="1"/><line nr="51" mi="0" ci="3" mb="0" cb="0"/><line nr="53" mi="0" ci="1" mb="0" cb="0"/><line nr="56" mi="2" ci="0" mb="0" cb="0"/><line nr="57" mi="1" ci="0" mb="0" cb="0"/><line nr="60" mi="0" ci="3" mb="0" cb="0"/><line nr="74" mi="0" ci="3" mb="0" cb="0"/><line nr="77" mi="3" ci="0" mb="0" cb="0"/><line nr="78" mi="2" ci="0" mb="0" cb="0"/><line nr="82" mi="3" ci="0" mb="0" cb="0"/><line nr="83" mi="2" ci="0" mb="0" cb="0"/><line nr="87" mi="0" ci="3" mb="0" cb="0"/><line nr="88" mi="0" ci="2" mb="0" cb="0"/><line nr="92" mi="0" ci="3" mb="1" cb="1"/><line nr="93" mi="3" ci="0" mb="0" cb="0"/><line nr="95" mi="0" ci="1" mb="0" cb="0"/><line nr="98" mi="0" ci="3" mb="1" cb="1"/><line nr="99" mi="3" ci="0" mb="0" cb="0"/><line nr="101" mi="0" ci="1" mb="0" cb="0"/><line nr="104" mi="0" ci="3" mb="1" cb="1"/><line nr="105" mi="0" ci="5" mb="0" cb="0"/><line nr="107" mi="0" ci="1" mb="0" cb="0"/><counter type="INSTRUCTION" missed="25" covered="126"/><counter type="BRANCH" missed="7" covered="11"/><counter type="LINE" missed="8" covered="42"/><counter type="COMPLEXITY" missed="10" covered="14"/><counter type="METHOD" missed="3" covered="12"/><counter type="CLASS" missed="0" covered="2"/></sourcefile><counter type="INSTRUCTION" missed="25" covered="421"/><counter type="BRANCH" missed="8" covered="40"/><counter type="LINE" missed="8" covered="109"/><counter type="COMPLEXITY" missed="11" covered="35"/><counter type="METHOD" missed="3" covered="19"/><counter type="CLASS" missed="0" covered="3"/></package><package name="my/beloved/subject/math"><class name="my/beloved/subject/math/UberFunc" sourcefilename="UberFunc.java"><method name="&lt;init&gt;" desc="()V" line="3"><counter type="INSTRUCTION" missed="3" covered="0"/><counter type="LINE" missed="1" covered="0"/><counter type="COMPLEXITY" missed="1" covered="0"/><counter type="METHOD" missed="1" covered="0"/></method><method name="compute" desc="(Lmy/beloved/subject/math/Mathematics;D)D" line="8"><counter type="INSTRUCTION" missed="78" covered="0"/><counter type="BRANCH" missed="2" covered="0"/><counter type="LINE" missed="6" covered="0"/><counter type="COMPLEXITY" missed="2" covered="0"/><counter type="METHOD" missed="1" covered="0"/></method><counter type="INSTRUCTION" missed="81" covered="0"/><counter type="BRANCH" missed="2" covered="0"/><counter type="LINE" missed="7" covered="0"/><counter type="COMPLEXITY" missed="3" covered="0"/><counter type="METHOD" missed="2" covered="0"/><counter type="CLASS" missed="1" covered="0"/></class><class name="my/beloved/subject/math/Mathematics" sourcefilename="Mathematics.java"><method name="&lt;init&gt;" desc="(D)V" line="6"><counter type="INSTRUCTION" missed="0" covered="6"/><counter type="LINE" missed="0" covered="3"/><counter type="COMPLEXITY" missed="0" covered="1"/><counter type="METHOD" missed="0" covered="1"/></method><method name="sin" desc="(D)D" line="12"><counter type="INSTRUCTION" missed="8" covered="68"/><counter type="BRANCH" missed="2" covered="4"/><counter type="LINE" missed="2" covered="16"/><counter type="COMPLEXITY" missed="2" covered="2"/><counter type="METHOD" missed="0" covered="1"/></method><method name="cos" desc="(D)D" line="42"><counter type="INSTRUCTION" missed="0" covered="6"/><counter type="LINE" missed="0" covered="1"/><counter type="COMPLEXITY" missed="0" covered="1"/><counter type="METHOD" missed="0" covered="1"/></method><method name="tan" desc="(D)D" line="46"><counter type="INSTRUCTION" missed="0" covered="8"/><counter type="LINE" missed="0" covered="1"/><counter type="COMPLEXITY" missed="0" covered="1"/><counter type="METHOD" missed="0" covered="1"/></method><method name="cot" desc="(D)D" line="50"><counter type="INSTRUCTION" missed="0" covered="8"/><counter type="LINE" missed="0" covered="1"/><counter type="COMPLEXITY" missed="0" covered="1"/><counter type="METHOD" missed="0" covered="1"/></method><method name="csc" desc="(D)D" line="54"><counter type="INSTRUCTION" missed="0" covered="6"/><counter type="LINE" missed="0" covered="1"/><counter type="COMPLEXITY" missed="0" covered="1"/><counter type="METHOD" missed="0" covered="1"/></method><method name="ln" desc="(D)D" line="58"><counter type="INSTRUCTION" missed="18" covered="6"/><counter type="BRANCH" missed="3" covered="1"/><counter type="LINE" missed="3" covered="2"/><counter type="COMPLEXITY" missed="2" covered="1"/><counter type="METHOD" missed="0" covered="1"/></method><method name="log" desc="(DI)D" line="68"><counter type="INSTRUCTION" missed="0" covered="22"/><counter type="BRANCH" missed="0" covered="6"/><counter type="LINE" missed="0" covered="5"/><counter type="COMPLEXITY" missed="0" covered="4"/><counter type="METHOD" missed="0" covered="1"/></method><method name="lnHelper" desc="(D)D" line="78"><counter type="INSTRUCTION" missed="47" covered="0"/><counter type="BRANCH" missed="2" covered="0"/><counter type="LINE" missed="12" covered="0"/><counter type="COMPLEXITY" missed="2" covered="0"/><counter type="METHOD" missed="1" covered="0"/></method><method name="factorial" desc="(J)J" line="97"><counter type="INSTRUCTION" missed="0" covered="19"/><counter type="BRANCH" missed="0" covered="2"/><counter type="LINE" missed="0" covered="4"/><counter type="COMPLEXITY" missed="0" covered="2"/><counter type="METHOD" missed="0" covered="1"/></method><counter type="INSTRUCTION" missed="73" covered="149"/><counter type="BRANCH" missed="7" covered="13"/><counter type="LINE" missed="17" covered="34"/><counter type="COMPLEXITY" missed="6" covered="14"/><counter type="METHOD" missed="1" covered="9"/><counter type="CLASS" missed="0" covered="1"/></class><sourcefile name="UberFunc.java"><line nr="3" mi="3" ci="0" mb="0" cb="0"/><line nr="8" mi="4" ci="0" mb="2" cb="0"/><line nr="9" mi="24" ci="0" mb="0" cb="0"/><line nr="10" mi="18" ci="0" mb="0" cb="0"/><line nr="11" mi="8" ci="0" mb="0" cb="0"/><line nr="13" mi="15" ci="0" mb="0" cb="0"/><line nr="14" mi="9" ci="0" mb="0" cb="0"/><counter type="INSTRUCTION" missed="81" covered="0"/><counter type="BRANCH" missed="2" covered="0"/><counter type="LINE" missed="7" covered="0"/><counter type="COMPLEXITY" missed="3" covered="0"/><counter type="METHOD" missed="2" covered="0"/><counter type="CLASS" missed="1" covered="0"/></sourcefile><sourcefile name="Mathematics.java"><line nr="6" mi="0" ci="2" mb="0" cb="0"/><line nr="7" mi="0" ci="3" mb="0" cb="0"/><line nr="8" mi="0" ci="1" mb="0" cb="0"/><line nr="12" mi="0" ci="2" mb="0" cb="0"/><line nr="13" mi="0" ci="2" mb="0" cb="0"/><line nr="14" mi="0" ci="2" mb="0" cb="0"/><line nr="15" mi="0" ci="2" mb="0" cb="0"/><line nr="17" mi="0" ci="2" mb="0" cb="0"/><line nr="19" mi="0" ci="5" mb="1" cb="1"/><line nr="20" mi="4" ci="0" mb="0" cb="0"/><line nr="22" mi="0" ci="5" mb="1" cb="1"/><line nr="23" mi="4" ci="0" mb="0" cb="0"/><line nr="26" mi="0" ci="9" mb="0" cb="2"/><line nr="27" mi="0" ci="2" mb="0" cb="0"/><line nr="28" mi="0" ci="5" mb="0" cb="0"/><line nr="29" mi="0" ci="9" mb="0" cb="0"/><line nr="30" mi="0" ci="10" mb="0" cb="0"/><line nr="32" mi="0" ci="6" mb="0" cb="0"/><line nr="34" mi="0" ci="4" mb="0" cb="0"/><line nr="35" mi="0" ci="1" mb="0" cb="0"/><line nr="38" mi="0" ci="2" mb="0" cb="0"/><line nr="42" mi="0" ci="6" mb="0" cb="0"/><line nr="46" mi="0" ci="8" mb="0" cb="0"/><line nr="50" mi="0" ci="8" mb="0" cb="0"/><line nr="54" mi="0" ci="6" mb="0" cb="0"/><line nr="58" mi="0" ci="4" mb="1" cb="1"/><line nr="59" mi="0" ci="2" mb="0" cb="0"/><line nr="61" mi="4" ci="0" mb="2" cb="0"/><line nr="62" mi="4" ci="0" mb="0" cb="0"/><line nr="64" mi="10" ci="0" mb="0" cb="0"/><line nr="68" mi="0" ci="5" mb="0" cb="4"/><line nr="69" mi="0" ci="2" mb="0" cb="0"/><line nr="71" mi="0" ci="4" mb="0" cb="2"/><line nr="72" mi="0" ci="2" mb="0" cb="0"/><line nr="74" mi="0" ci="9" mb="0" cb="0"/><line nr="78" mi="2" ci="0" mb="0" cb="0"/><line nr="79" mi="2" ci="0" mb="0" cb="0"/><line nr="80" mi="2" ci="0" mb="0" cb="0"/><line nr="81" mi="2" ci="0" mb="0" cb="0"/><line nr="83" mi="9" ci="0" mb="2" cb="0"/><line nr="84" mi="2" ci="0" mb="0" cb="0"/><line nr="85" mi="10" ci="0" mb="0" cb="0"/><line nr="86" mi="7" ci="0" mb="0" cb="0"/><line nr="88" mi="4" ci="0" mb="0" cb="0"/><line nr="89" mi="4" ci="0" mb="0" cb="0"/><line nr="90" mi="1" ci="0" mb="0" cb="0"/><line nr="93" mi="2" ci="0" mb="0" cb="0"/><line nr="97" mi="0" ci="2" mb="0" cb="0"/><line nr="98" mi="0" ci="11" mb="0" cb="2"/><line nr="99" mi="0" ci="4" mb="0" cb="0"/><line nr="101" mi="0" ci="2" mb="0" cb="0"/><counter type="INSTRUCTION" missed="73" covered="149"/><counter type="BRANCH" missed="7" covered="13"/><counter type="LINE" missed="17" covered="34"/><counter type="COMPLEXITY" missed="6" covered="14"/><counter type="METHOD" missed="1" covered="9"/><counter type="CLASS" missed="0" covered="1"/></sourcefile><counter type="INSTRUCTION" missed="154" covered="149"/><counter type="BRANCH" missed="9" covered="13"/><counter type="LINE" missed="24" covered="34"/><counter type="COMPLEXITY" missed="9" covered="14"/><counter type="METHOD" missed="3" covered="9"/><counter type="CLASS" missed="1" covered="1"/></package><counter type="INSTRUCTION" missed="281" covered="570"/><counter type="BRANCH" missed="21" covered="53"/><counter type="LINE" missed="64" covered="143"/><counter type="COMPLEXITY" missed="31" covered="49"/><counter type="METHOD" missed="15" covered="28"/><counter type="CLASS" missed="4" covered="4"/></report>