<?xml version="1.0" encoding="UTF-8" standalone="yes"?><!DOCTYPE report PUBLIC "-//JACOCO//DTD Report 1.1//EN" "report.dtd"><report name="lab1"><sessioninfo id="rgusyakov-ThinkPad-E14-Gen-4-69ed054a" start="1739986224137" dump="1739986225614"/><sessioninfo id="rgusyakov-ThinkPad-E14-Gen-4-c37c80fe" start="1739986389240" dump="1739986390778"/><sessioninfo id="rgusyakov-ThinkPad-E14-Gen-4-19b8ebf" start="1739986687982" dump="1739986689542"/><sessioninfo id="rgusyakov-ThinkPad-E14-Gen-4-c1837c0e" start="1739986694642" dump="1739986696313"/><sessioninfo id="rgusyakov-ThinkPad-E14-Gen-4-18faaf46" start="1739986747063" dump="1739986748566"/><sessioninfo id="rgusyakov-ThinkPad-E14-Gen-4-e89d679" start="1739986816145" dump="1739986817732"/><sessioninfo id="rgusyakov-ThinkPad-E14-Gen-4-345ff1dd" start="1739986853203" dump="1739986854750"/><sessioninfo id="rgusyakov-ThinkPad-E14-Gen-4-301b8993" start="1739986860846" dump="1739986862506"/><sessioninfo id="rgusyakov-ThinkPad-E14-Gen-4-9b3d07a8" start="1739986897235" dump="1739986900020"/><sessioninfo id="rgusyakov-ThinkPad-E14-Gen-4-97a125e4" start="1739986910608" dump="1739986913392"/><sessioninfo id="rgusyakov-ThinkPad-E14-Gen-4-55796b37" start="1740146869966" dump="1740146873581"/><sessioninfo id="rgusyakov-ThinkPad-E14-Gen-4-6bfdbc26" start="1740146914048" dump="1740146916793"/><sessioninfo id="rgusyakov-ThinkPad-E14-Gen-4-eb30b531" start="1740147098507" dump="1740147101576"/><sessioninfo id="rgusyakov-ThinkPad-E14-Gen-4-7c7cea15" start="1740148443569" dump="1740148446299"/><sessioninfo id="rgusyakov-ThinkPad-E14-Gen-4-736ee491" start="1740148464810" dump="1740148467621"/><sessioninfo id="rgusyakov-ThinkPad-E14-Gen-4-1ed1f8f1" start="1740149666034" dump="1740149668821"/><sessioninfo id="rgusyakov-ThinkPad-E14-Gen-4-a669f1b0" start="1740149674267" dump="1740149677123"/><sessioninfo id="rgusyakov-ThinkPad-E14-Gen-4-b91d87dd" start="1740151759779" dump="1740151762459"/><sessioninfo id="rgusyakov-ThinkPad-E14-Gen-4-c295c4aa" start="1740151798396" dump="1740151801011"/><sessioninfo id="rgusyakov-ThinkPad-E14-Gen-4-c7e9b459" start="1740152019962" dump="1740152022653"/><sessioninfo id="rgusyakov-ThinkPad-E14-Gen-4-da590943" start="1740152044943" dump="1740152047513"/><sessioninfo id="rgusyakov-ThinkPad-E14-Gen-4-5def95ba" start="1740152081817" dump="1740152084554"/><sessioninfo id="rgusyakov-ThinkPad-E14-Gen-4-f1cbdb3a" start="1740152168633" dump="1740152171518"/><sessioninfo id="rgusyakov-ThinkPad-E14-Gen-4-5f978929" start="1740152244464" dump="1740152247253"/><sessioninfo id="rgusyakov-ThinkPad-E14-Gen-4-b57f5c66" start="1740152262027" dump="1740152264701"/><sessioninfo id="rgusyakov-ThinkPad-E14-Gen-4-d11ec8a8" start="1740152283293" dump="1740152285962"/><sessioninfo id="rgusyakov-ThinkPad-E14-Gen-4-c4356eba" start="1740152299092" dump="1740152301679"/><sessioninfo id="rgusyakov-ThinkPad-E14-Gen-4-e89735f6" start="1740152310467" dump="1740152313027"/><sessioninfo id="rgusyakov-ThinkPad-E14-Gen-4-fe1fa391" start="1740152318814" dump="1740152321388"/><sessioninfo id="rgusyakov-ThinkPad-E14-Gen-4-81be6d56" start="1740152611908" dump="1740152614552"/><sessioninfo id="rgusyakov-ThinkPad-E14-Gen-4-8f6a835f" start="1740754817629" dump="1740754818588"/><sessioninfo id="rgusyakov-ThinkPad-E14-Gen-4-6ccf6b17" start="1740755449946" dump="1740755451140"/><sessioninfo id="rgusyakov-ThinkPad-E14-Gen-4-ae703806" start="1740755852478" dump="1740755854997"/><sessioninfo id="rgusyakov-ThinkPad-E14-Gen-4-cd675bf2" start="1740755859764" dump="1740755862061"/><sessioninfo id="rgusyakov-ThinkPad-E14-Gen-4-dd26101a" start="1740822855416" dump="1740822857859"/><sessioninfo id="rgusyakov-ThinkPad-E14-Gen-4-a382d37f" start="1740822995109" dump="1740822995892"/><sessioninfo id="rgusyakov-ThinkPad-E14-Gen-4-d967b755" start="1740823016101" dump="1740823016951"/><sessioninfo id="rgusyakov-ThinkPad-E14-Gen-4-f9d6d94c" start="1740823049151" dump="1740823050018"/><sessioninfo id="rgusyakov-ThinkPad-E14-Gen-4-9186f8c1" start="1740823072774" dump="1740823073695"/><sessioninfo id="rgusyakov-ThinkPad-E14-Gen-4-61b50863" start="1740823094965" dump="1740823095803"/><sessioninfo id="rgusyakov-ThinkPad-E14-Gen-4-3a54181e" start="1742233728879" dump="1742233729811"/><sessioninfo id="rgusyakov-ThinkPad-E14-Gen-4-7ae6a50e" start="1742233887393" dump="1742233888318"/><sessioninfo id="rgusyakov-ThinkPad-E14-Gen-4-7b82ed97" start="1742233913874" dump="1742233914694"/><sessioninfo id="rgusyakov-ThinkPad-E14-Gen-4-a134c61d" start="1742234007527" dump="1742234008380"/><sessioninfo id="rgusyakov-ThinkPad-E14-Gen-4-4fcf328e" start="1742234061356" dump="1742234062184"/><sessioninfo id="rgusyakov-ThinkPad-E14-Gen-4-7dfc9f7e" start="1742234095531" dump="1742234096400"/><sessioninfo id="rgusyakov-ThinkPad-E14-Gen-4-1ca9da84" start="1742234183702" dump="1742234184597"/><sessioninfo id="rgusyakov-ThinkPad-E14-Gen-4-12fed8ca" start="1742234336126" dump="1742234336992"/><sessioninfo id="rgusyakov-ThinkPad-E14-Gen-4-5783e936" start="1742234409745" dump="1742234410676"/><sessioninfo id="rgusyakov-ThinkPad-E14-Gen-4-9503d80" start="1742234484751" dump="1742234485642"/><sessioninfo id="rgusyakov-ThinkPad-E14-Gen-4-b283f34c" start="1742234499165" dump="1742234500002"/><sessioninfo id="rgusyakov-ThinkPad-E14-Gen-4-1bdc8ee3" start="1742234555490" dump="1742234556391"/><sessioninfo id="rgusyakov-ThinkPad-E14-Gen-4-8235defd" start="1742234591136" dump="1742234592033"/><sessioninfo id="rgusyakov-ThinkPad-E14-Gen-4-1228a664" start="1742234790686" dump="1742234791526"/><sessioninfo id="rgusyakov-ThinkPad-E14-Gen-4-d3afe7fd" start="1742234831163" dump="1742234831988"/><sessioninfo id="rgusyakov-ThinkPad-E14-Gen-4-fd0f4821" start="1742234877427" dump="1742234878325"/><sessioninfo id="rgusyakov-ThinkPad-E14-Gen-4-d284712b" start="1742234933630" dump="1742234934524"/><sessioninfo id="rgusyakov-ThinkPad-E14-Gen-4-6bbd9b07" start="1742236072008" dump="1742236072859"/><sessioninfo id="rgusyakov-ThinkPad-E14-Gen-4-aa1c5d6" start="1742236107408" dump="1742236108314"/><package name="my/beloved/subject/mapreduce"><class name="my/beloved/subject/mapreduce/MapReduce$Pair" sourcefilename="MapReduce.java"><method name="&lt;init&gt;" desc="(Ljava/lang/Object;Ljava/lang/Object;)V" line="55"><counter type="INSTRUCTION" missed="9" covered="0"/><counter type="LINE" missed="4" covered="0"/><counter type="COMPLEXITY" missed="1" covered="0"/><counter type="METHOD" missed="1" covered="0"/></method><counter type="INSTRUCTION" missed="9" covered="0"/><counter type="LINE" missed="4" covered="0"/><counter type="COMPLEXITY" missed="1" covered="0"/><counter type="METHOD" missed="1" covered="0"/><counter type="CLASS" missed="1" covered="0"/></class><class name="my/beloved/subject/mapreduce/MapReduce$MapFunc" sourcefilename="MapReduce.java"/><class name="my/beloved/subject/mapreduce/MapReduce$ReduceFunc" sourcefilename="MapReduce.java"/><class name="my/beloved/subject/mapreduce/MapReduce" sourcefilename="MapReduce.java"><method name="&lt;init&gt;" desc="(Ljava/util/Collection;Ljava/util/function/Supplier;Ljava/util/function/Supplier;Lmy/beloved/subject/mapreduce/MapReduce$MapFunc;Lmy/beloved/subject/mapreduce/MapReduce$ReduceFunc;)V" line="21"><counter type="INSTRUCTION" missed="45" covered="0"/><counter type="LINE" missed="12" covered="0"/><counter type="COMPLEXITY" missed="1" covered="0"/><counter type="METHOD" missed="1" covered="0"/></method><method name="run" desc="()Ljava/util/Map;" line="62"><counter type="INSTRUCTION" missed="69" covered="0"/><counter type="BRANCH" missed="4" covered="0"/><counter type="LINE" missed="12" covered="0"/><counter type="COMPLEXITY" missed="3" covered="0"/><counter type="METHOD" missed="1" covered="0"/></method><method name="getMapExceptions" desc="()Ljava/util/Map;" line="108"><counter type="INSTRUCTION" missed="4" covered="0"/><counter type="LINE" missed="1" covered="0"/><counter type="COMPLEXITY" missed="1" covered="0"/><counter type="METHOD" missed="1" covered="0"/></method><method name="getReduceExceptions" desc="()Ljava/util/Map;" line="112"><counter type="INSTRUCTION" missed="4" covered="0"/><counter type="LINE" missed="1" covered="0"/><counter type="COMPLEXITY" missed="1" covered="0"/><counter type="METHOD" missed="1" covered="0"/></method><method name="isMappingFinished" desc="()Z" line="116"><counter type="INSTRUCTION" missed="3" covered="0"/><counter type="LINE" missed="1" covered="0"/><counter type="COMPLEXITY" missed="1" covered="0"/><counter type="METHOD" missed="1" covered="0"/></method><method name="lambda$0" desc="(Ljava/util/concurrent/CountDownLatch;Ljava/lang/String;)V" line="65"><counter type="INSTRUCTION" missed="23" covered="0"/><counter type="LINE" missed="6" covered="0"/><counter type="COMPLEXITY" missed="1" covered="0"/><counter type="METHOD" missed="1" covered="0"/></method><method name="lambda$2" desc="(Ljava/util/concurrent/CountDownLatch;Ljava/util/Map$Entry;)V" line="89"><counter type="INSTRUCTION" missed="34" covered="0"/><counter type="LINE" missed="8" covered="0"/><counter type="COMPLEXITY" missed="1" covered="0"/><counter type="METHOD" missed="1" covered="0"/></method><method name="lambda$1" desc="(Lmy/beloved/subject/mapreduce/MapReduce$Pair;)V" line="67"><counter type="INSTRUCTION" missed="27" covered="0"/><counter type="BRANCH" missed="2" covered="0"/><counter type="LINE" missed="6" covered="0"/><counter type="COMPLEXITY" missed="2" covered="0"/><counter type="METHOD" missed="1" covered="0"/></method><counter type="INSTRUCTION" missed="209" covered="0"/><counter type="BRANCH" missed="6" covered="0"/><counter type="LINE" missed="47" covered="0"/><counter type="COMPLEXITY" missed="11" covered="0"/><counter type="METHOD" missed="8" covered="0"/><counter type="CLASS" missed="1" covered="0"/></class><sourcefile name="MapReduce.java"><line nr="21" mi="5" ci="0" mb="0" cb="0"/><line nr="22" mi="5" ci="0" mb="0" cb="0"/><line nr="23" mi="5" ci="0" mb="0" cb="0"/><line nr="24" mi="5" ci="0" mb="0" cb="0"/><line nr="25" mi="3" ci="0" mb="0" cb="0"/><line nr="27" mi="2" ci="0" mb="0" cb="0"/><line nr="34" mi="3" ci="0" mb="0" cb="0"/><line nr="35" mi="5" ci="0" mb="0" cb="0"/><line nr="36" mi="5" ci="0" mb="0" cb="0"/><line nr="37" mi="3" ci="0" mb="0" cb="0"/><line nr="38" mi="3" ci="0" mb="0" cb="0"/><line nr="39" mi="1" ci="0" mb="0" cb="0"/><line nr="55" mi="2" ci="0" mb="0" cb="0"/><line nr="56" mi="3" ci="0" mb="0" cb="0"/><line nr="57" mi="3" ci="0" mb="0" cb="0"/><line nr="58" mi="1" ci="0" mb="0" cb="0"/><line nr="62" mi="7" ci="0" mb="0" cb="0"/><line nr="63" mi="12" ci="0" mb="2" cb="0"/><line nr="64" mi="7" ci="0" mb="0" cb="0"/><line nr="65" mi="9" ci="0" mb="0" cb="0"/><line nr="66" mi="4" ci="0" mb="0" cb="0"/><line nr="67" mi="7" ci="0" mb="0" cb="0"/><line nr="68" mi="2" ci="0" mb="2" cb="0"/><line nr="69" mi="5" ci="0" mb="0" cb="0"/><line nr="70" mi="7" ci="0" mb="0" cb="0"/><line nr="72" mi="5" ci="0" mb="0" cb="0"/><line nr="73" mi="1" ci="0" mb="0" cb="0"/><line nr="74" mi="1" ci="0" mb="0" cb="0"/><line nr="75" mi="6" ci="0" mb="0" cb="0"/><line nr="77" mi="2" ci="0" mb="0" cb="0"/><line nr="79" mi="1" ci="0" mb="0" cb="0"/><line nr="81" mi="3" ci="0" mb="0" cb="0"/><line nr="82" mi="2" ci="0" mb="0" cb="0"/><line nr="83" mi="3" ci="0" mb="0" cb="0"/><line nr="85" mi="7" ci="0" mb="0" cb="0"/><line nr="86" mi="13" ci="0" mb="2" cb="0"/><line nr="87" mi="7" ci="0" mb="0" cb="0"/><line nr="89" mi="9" ci="0" mb="0" cb="0"/><line nr="90" mi="7" ci="0" mb="0" cb="0"/><line nr="91" mi="2" ci="0" mb="0" cb="0"/><line nr="92" mi="4" ci="0" mb="0" cb="0"/><line nr="93" mi="8" ci="0" mb="0" cb="0"/><line nr="94" mi="1" ci="0" mb="0" cb="0"/><line nr="97" mi="2" ci="0" mb="0" cb="0"/><line nr="99" mi="1" ci="0" mb="0" cb="0"/><line nr="101" mi="3" ci="0" mb="0" cb="0"/><line nr="102" mi="2" ci="0" mb="0" cb="0"/><line nr="104" mi="3" ci="0" mb="0" cb="0"/><line nr="108" mi="4" ci="0" mb="0" cb="0"/><line nr="112" mi="4" ci="0" mb="0" cb="0"/><line nr="116" mi="3" ci="0" mb="0" cb="0"/><counter type="INSTRUCTION" missed="218" covered="0"/><counter type="BRANCH" missed="6" covered="0"/><counter type="LINE" missed="51" covered="0"/><counter type="COMPLEXITY" missed="12" covered="0"/><counter type="METHOD" missed="9" covered="0"/><counter type="CLASS" missed="2" covered="0"/></sourcefile><counter type="INSTRUCTION" missed="218" covered="0"/><counter type="BRANCH" missed="6" covered="0"/><counter type="LINE" missed="51" covered="0"/><counter type="COMPLEXITY" missed="12" covered="0"/><counter type="METHOD" missed="9" covered="0"/><counter type="CLASS" missed="2" covered="0"/></package><counter type="INSTRUCTION" missed="218" covered="0"/><counter type="BRANCH" missed="6" covered="0"/><counter type="LINE" missed="51" covered="0"/><counter type="COMPLEXITY" missed="12" covered="0"/><counter type="METHOD" missed="9" covered="0"/><counter type="CLASS" missed="2" covered="0"/></report>